<?xml version="1.0" encoding="UTF-8" standalone="no"?>
<!DOCTYPE log SYSTEM "logger.dtd">
<log>
<record>
  <date>2017-07-03T14:15:38.463-0300</date>
  <logger>LIVIA CAVALCANTI BANDEIRA JULIAO</logger>
  <level>FINE</level>
  <message>File 116110076-LIVIA CAVALCANTI BANDEIRA JULIAO.zip was received. It was sent by LIVIA CAVALCANTI BANDEIRA JULIAO from IP 127.0.1.1</message>
</record>
</log>
<?xml version="1.0" encoding="UTF-8" standalone="no"?>
<!DOCTYPE log SYSTEM "logger.dtd">
<log>
<record>
  <date>2017-07-03T14:44:21.953-0300</date>
  <logger>LIVIA CAVALCANTI BANDEIRA JULIAO</logger>
  <level>FINE</level>
  <message>File 116110076-LIVIA CAVALCANTI BANDEIRA JULIAO.zip was received. It was sent by LIVIA CAVALCANTI BANDEIRA JULIAO from IP 127.0.1.1</message>
</record>
</log>
<?xml version="1.0" encoding="UTF-8" standalone="no"?>
<!DOCTYPE log SYSTEM "logger.dtd">
<log>
<record>
  <date>2017-07-03T15:13:53.593-0300</date>
  <logger>LIVIA CAVALCANTI BANDEIRA JULIAO</logger>
  <level>FINE</level>
  <message>File 116110076-LIVIA CAVALCANTI BANDEIRA JULIAO.zip was received. It was sent by LIVIA CAVALCANTI BANDEIRA JULIAO from IP 127.0.1.1</message>
</record>
